<?xml version="1.0" encoding="UTF-8"?>
<!-- Generated by org.testng.reporters.JUnitReportReporter -->
<testsuite hostname="LAPTOP-93UKA2HG" failures="0" tests="2" name="testNG_Keywords.TestNGAnnotations" time="0.044" errors="0" timestamp="2025-11-22T12:19:04 IST" skipped="0">
  <testcase classname="testNG_Keywords.TestNGAnnotations" name="a_resultValidation" time="0.031">
    <system-out>
      <![CDATA[a result validation]]>
    </system-out>
  </testcase> <!-- a_resultValidation -->
  <testcase classname="testNG_Keywords.TestNGAnnotations" name="z_resultValidation" time="0.013">
    <system-out>
      <![CDATA[z result validation]]>
    </system-out>
  </testcase> <!-- z_resultValidation -->
  <system-out>
    <![CDATA[before suite
 before test
 before class
before method
a result validation
after method
before method
z result validation
after method
after class
after test
after suite]]>
  </system-out>
</testsuite> <!-- testNG_Keywords.TestNGAnnotations -->
