<?xml version="1.0" encoding="UTF-8"?>
<!-- Generated by org.testng.reporters.JUnitReportReporter -->
<testsuite hostname="LAPTOP-93UKA2HG" failures="0" tests="1" name="runner.HealthInsuranceRunner" time="43.767" errors="0" timestamp="2025-11-22T12:26:48 IST" skipped="0">
  <testcase classname="runner.HealthInsuranceRunner" name="runScenario" time="43.767">
    <system-out>
      <![CDATA[setting browser as chrome
Actual result is 48
closing browser]]>
    </system-out>
  </testcase> <!-- runScenario -->
  <system-out>
    <![CDATA[setting browser as chrome
Actual result is 48
closing browser]]>
  </system-out>
</testsuite> <!-- runner.HealthInsuranceRunner -->
